<?xml version="1.0" encoding="UTF-8" ?>
<testsuite tests="12" failures="0" name="com.runner.RunnerTest" time="3.26" errors="0" skipped="0">
  <properties>
[...]
</properties>
  <testcase classname="com.runner.RunnerTest" name="runScenario" time="0.858"/>
  <testcase classname="com.runner.RunnerTest" name="runScenario" time="0.014"/>
  <testcase classname="com.runner.RunnerTest" name="runScenario" time="0.015"/>
  <testcase classname="com.runner.RunnerTest" name="runScenario" time="0.024"/>
  <testcase classname="com.runner.RunnerTest" name="runScenario" time="0.031"/>
  <testcase classname="com.runner.RunnerTest" name="runScenario" time="1.976"/>
  <testcase classname="com.runner.RunnerTest" name="runScenario" time="0.073"/>
  <testcase classname="com.runner.RunnerTest" name="runScenario" time="0.089"/>
  <testcase classname="com.runner.RunnerTest" name="runScenario" time="0.059"/>
  <testcase classname="com.runner.RunnerTest" name="runScenario" time="0.053"/>
  <testcase classname="com.runner.RunnerTest" name="runScenario" time="0.059"/>
  <testcase classname="com.runner.RunnerTest" name="runScenario" time="0.009"/>
</testsuite>